23:15:16.144 TRACE Log4jDemo -Log4J trace
23:15:16.152 INFO  Log4jDemo -Log4J info
23:15:16.153 DEBUG Log4jDemo -Log4J debug
23:15:16.153 ERROR Log4jDemo -log4J error
23:15:16.154 FATAL Log4jDemo -Log4J Fatal
23:15:24.408 TRACE Log4jDemoMain -Log4J trace
23:15:24.413 INFO  Log4jDemoMain -Log4J info
23:15:24.414 DEBUG Log4jDemoMain -Log4J debug
23:15:24.414 ERROR Log4jDemoMain -log4J error
23:15:24.414 FATAL Log4jDemoMain -Log4J Fatal
23:15:43.701 TRACE Log4jDemoMain -Log4J trace
23:15:43.708 INFO  Log4jDemoMain -Log4J info
23:15:43.709 DEBUG Log4jDemoMain -Log4J debug
23:15:43.710 ERROR Log4jDemoMain -log4J error
23:15:43.710 FATAL Log4jDemoMain -Log4J Fatal
23:15:56.734 TRACE Log4jDemo -Log4J trace
23:15:56.738 INFO  Log4jDemo -Log4J info
23:15:56.738 DEBUG Log4jDemo -Log4J debug
23:15:56.738 ERROR Log4jDemo -log4J error
23:15:56.739 FATAL Log4jDemo -Log4J Fatal
